<?xml version="1.0" encoding="UTF-8"?>
<!-- Generated by org.testng.reporters.JUnitXMLReporter -->
<testsuite ignored="0" hostname="Kousi_Kousalya" failures="0" tests="4" name="testin" time="7.903" errors="0" timestamp="2023-07-13T19:18:46 IST">
  <testcase classname="TestNg.parallalbrow" name="softassertion" time="7.22"/>
  <testcase classname="TestNg.parallalbrow" name="openbing" time="7.249"/>
  <testcase classname="TestNg.parallalbrow" name="Hardassertion" time="7.25"/>
  <testcase classname="TestNg.parallalbrow" name="opengoogle" time="7.809"/>
</testsuite> <!-- testin -->
