<?xml version="1.0" encoding="UTF-8"?>
<testng-results ignored="0" total="1" passed="1" failed="0" skipped="0">
  <reporter-output>
  </reporter-output>
  <suite started-at="2023-07-18T22:53:39 IST" name="Default suite" finished-at="2023-07-18T22:53:43 IST" duration-ms="4577">
    <groups>
    </groups>
    <test started-at="2023-07-18T22:53:39 IST" name="Default test" finished-at="2023-07-18T22:53:43 IST" duration-ms="4577">
      <class name="Advanced.mousehovering">
        <test-method signature="scrolling()[pri:0, instance:Advanced.mousehovering@793f29ff]" started-at="2023-07-18T22:53:39 IST" name="scrolling" finished-at="2023-07-18T22:53:43 IST" duration-ms="4493" status="PASS">
          <reporter-output>
          </reporter-output>
        </test-method> <!-- scrolling -->
      </class> <!-- Advanced.mousehovering -->
    </test> <!-- Default test -->
  </suite> <!-- Default suite -->
</testng-results>
