<?xml version="1.0" encoding="UTF-8"?>
<testng-results ignored="0" total="1" passed="1" failed="0" skipped="0">
  <reporter-output>
  </reporter-output>
  <suite started-at="2023-07-27T10:39:02 IST" name="Default suite" finished-at="2023-07-27T10:39:10 IST" duration-ms="7674">
    <groups>
    </groups>
    <test started-at="2023-07-27T10:39:02 IST" name="Default test" finished-at="2023-07-27T10:39:10 IST" duration-ms="7674">
      <class name="sample.OpenBrowser">
        <test-method signature="openbrowsr()[pri:0, instance:sample.OpenBrowser@3a44431a]" started-at="2023-07-27T10:39:02 IST" name="openbrowsr" finished-at="2023-07-27T10:39:10 IST" duration-ms="7625" status="PASS">
          <reporter-output>
          </reporter-output>
        </test-method> <!-- openbrowsr -->
      </class> <!-- sample.OpenBrowser -->
    </test> <!-- Default test -->
  </suite> <!-- Default suite -->
</testng-results>
