<?xml version="1.0" encoding="UTF-8"?>
<testng-results ignored="0" total="1" passed="1" failed="0" skipped="0">
  <reporter-output>
  </reporter-output>
  <suite started-at="2023-07-28T23:23:33 IST" name="Default suite" finished-at="2023-07-28T23:23:43 IST" duration-ms="10502">
    <groups>
    </groups>
    <test started-at="2023-07-28T23:23:33 IST" name="Default test" finished-at="2023-07-28T23:23:43 IST" duration-ms="10502">
      <class name="OpenBrowser">
        <test-method signature="before()[pri:0, instance:OpenBrowser@194bcebf]" started-at="2023-07-28T23:23:33 IST" name="before" finished-at="2023-07-28T23:23:43 IST" duration-ms="10420" status="PASS">
          <reporter-output>
          </reporter-output>
        </test-method> <!-- before -->
      </class> <!-- OpenBrowser -->
    </test> <!-- Default test -->
  </suite> <!-- Default suite -->
</testng-results>
