<?xml version="1.0" encoding="UTF-8"?>
<testng-results ignored="0" total="2" passed="2" failed="0" skipped="0">
  <reporter-output>
  </reporter-output>
  <suite started-at="2023-07-19T23:41:06 IST" name="Default suite" finished-at="2023-07-19T23:41:14 IST" duration-ms="8049">
    <groups>
    </groups>
    <test started-at="2023-07-19T23:41:06 IST" name="Default test" finished-at="2023-07-19T23:41:14 IST" duration-ms="8049">
      <class name="seleniumTest.OpenGoogle">
        <test-method is-config="true" signature="before()[pri:0, instance:seleniumTest.OpenGoogle@3116c353]" started-at="2023-07-19T23:41:06 IST" name="before" finished-at="2023-07-19T23:41:07 IST" duration-ms="244" status="PASS">
          <reporter-output>
          </reporter-output>
        </test-method> <!-- before -->
        <test-method signature="openbing()[pri:0, instance:seleniumTest.OpenGoogle@3116c353]" started-at="2023-07-19T23:41:07 IST" name="openbing" finished-at="2023-07-19T23:41:10 IST" duration-ms="3781" status="PASS">
          <reporter-output>
          </reporter-output>
        </test-method> <!-- openbing -->
        <test-method signature="opengoogle()[pri:0, instance:seleniumTest.OpenGoogle@3116c353]" started-at="2023-07-19T23:41:10 IST" name="opengoogle" finished-at="2023-07-19T23:41:13 IST" duration-ms="3050" status="PASS">
          <reporter-output>
          </reporter-output>
        </test-method> <!-- opengoogle -->
        <test-method is-config="true" signature="close()[pri:0, instance:seleniumTest.OpenGoogle@3116c353]" started-at="2023-07-19T23:41:13 IST" name="close" finished-at="2023-07-19T23:41:14 IST" duration-ms="906" status="PASS">
          <reporter-output>
          </reporter-output>
        </test-method> <!-- close -->
      </class> <!-- seleniumTest.OpenGoogle -->
    </test> <!-- Default test -->
  </suite> <!-- Default suite -->
</testng-results>
